<?xml version='1.0' encoding='UTF-8'?>
<testsuite hostname="jp4ntsnow" name="components.db.RegisterDocumentsTest" tests="0" errors="0" failures="0" skipped="0" time="0.0" timestamp="2023-10-10T13:12:45">
          <properties>
      <property name="java.specification.version" value="17"/><property name="sun.jnu.encoding" value="UTF-8"/><property name="sun.arch.data.model" value="64"/><property name="java.vendor.url" value="https://tracker.debian.org/openjdk-17"/><property name="sun.boot.library.path" value="/usr/lib/jvm/java-17-openjdk-amd64/lib"/><property name="sun.java.command" value="/home/jpantonow/.cache/sbt/boot/sbt-launch/1.9.6/sbt-launch-1.9.6.jar compile test"/><property name="jdk.debug" value="release"/><property name="sun.stderr.encoding" value="UTF-8"/><property name="java.specification.vendor" value="Oracle Corporation"/><property name="java.version.date" value="2023-10-17"/><property name="java.home" value="/usr/lib/jvm/java-17-openjdk-amd64"/><property name="file.separator" value="/"/><property name="java.vm.compressedOopsMode" value="32-bit"/><property name="line.separator" value="
"/><property name="sun.stdout.encoding" value="UTF-8"/><property name="java.vm.specification.vendor" value="Oracle Corporation"/><property name="java.specification.name" value="Java Platform API Specification"/><property name="awt.useSystemAAFontSettings" value="on"/><property name="sun.management.compiler" value="HotSpot 64-Bit Tiered Compilers"/><property name="java.runtime.version" value="17.0.9-ea+6-Debian-1"/><property name="user.name" value="jpantonow"/><property name="log4j.ignoreTCL" value="true"/><property name="file.encoding" value="UTF-8"/><property name="jnidispatch.path" value="/home/jpantonow/.cache/JNA/temp/jna4512505827532581029.tmp"/><property name="jna.loaded" value="true"/><property name="java.io.tmpdir" value="/tmp"/><property name="java.version" value="17.0.9-ea"/><property name="java.vm.specification.name" value="Java Virtual Machine Specification"/><property name="native.encoding" value="UTF-8"/><property name="java.library.path" value="/usr/java/packages/lib:/usr/lib/x86_64-linux-gnu/jni:/lib/x86_64-linux-gnu:/usr/lib/x86_64-linux-gnu:/usr/lib/jni:/lib:/usr/lib"/><property name="java.vendor" value="Debian"/><property name="scala.ext.dirs" value="/home/jpantonow/.sbt/1.0/java9-rt-ext-debian_17_0_9_ea"/><property name="sun.io.unicode.encoding" value="UnicodeLittle"/><property name="java.class.path" value="/home/jpantonow/.cache/sbt/boot/sbt-launch/1.9.6/sbt-launch-1.9.6.jar"/><property name="java.vm.vendor" value="Debian"/><property name="swing.aatext" value="true"/><property name="jline.shutdownhook" value="false"/><property name="user.timezone" value="America/Sao_Paulo"/><property name="java.vm.specification.version" value="17"/><property name="os.name" value="Linux"/><property name="sun.java.launcher" value="SUN_STANDARD"/><property name="sun.cpu.endian" value="little"/><property name="user.home" value="/home/jpantonow"/><property name="user.language" value="en"/><property name="sbt.script" value="/usr/bin/sbt"/><property name="sbt.ipcsocket.tmpdir" value="/run/user/1000/.sbt57f5bfc2/ipcsocket"/><property name="swoval.tmpdir" value="/run/user/1000/.sbt57f5bfc2/swoval"/><property name="jline.esc.timeout" value="0"/><property name="path.separator" value=":"/><property name="os.version" value="6.5.0-kali1-amd64"/><property name="jna.nosys" value="true"/><property name="java.runtime.name" value="OpenJDK Runtime Environment"/><property name="java.vm.name" value="OpenJDK 64-Bit Server VM"/><property name="jna.platform.library.path" value="/usr/lib/x86_64-linux-gnu:/lib/x86_64-linux-gnu:/usr/lib64:/lib64:/usr/lib:/lib:/lib32:/usr/lib/oracle/19.6/client64/lib:/usr/lib/x86_64-linux-gnu/libfakeroot"/><property name="java.vendor.url.bug" value="https://bugs.debian.org/openjdk-17"/><property name="user.dir" value="/home/jpantonow/Desktop/wordcount/scala-word-count"/><property name="os.arch" value="amd64"/><property name="java.vm.info" value="mixed mode, sharing"/><property name="java.vm.version" value="17.0.9-ea+6-Debian-1"/><property name="java.class.version" value="61.0"/>
    </properties>
          
          <system-out><![CDATA[]]></system-out>
          <system-err><![CDATA[]]></system-err>
        </testsuite>